2024-06-04 20:36:17,986:WARNING:
'cuml' is a soft dependency and not included in the pycaret installation. Please run: `pip install cuml` to install.
2024-06-04 20:36:17,986:WARNING:
'cuml' is a soft dependency and not included in the pycaret installation. Please run: `pip install cuml` to install.
2024-06-04 20:36:17,986:WARNING:
'cuml' is a soft dependency and not included in the pycaret installation. Please run: `pip install cuml` to install.
2024-06-04 20:36:17,986:WARNING:
'cuml' is a soft dependency and not included in the pycaret installation. Please run: `pip install cuml` to install.
2024-06-04 20:36:19,339:INFO:Initializing load_model()
2024-06-04 20:36:19,339:INFO:load_model(model_name=..\Model\modelo_navegacao_otimizado.pkl, platform=None, authentication=None, verbose=True)
2024-06-04 20:36:38,333:WARNING:
'cuml' is a soft dependency and not included in the pycaret installation. Please run: `pip install cuml` to install.
2024-06-04 20:36:38,333:WARNING:
'cuml' is a soft dependency and not included in the pycaret installation. Please run: `pip install cuml` to install.
2024-06-04 20:36:38,333:WARNING:
'cuml' is a soft dependency and not included in the pycaret installation. Please run: `pip install cuml` to install.
2024-06-04 20:36:38,333:WARNING:
'cuml' is a soft dependency and not included in the pycaret installation. Please run: `pip install cuml` to install.
2024-06-04 20:36:38,521:INFO:Initializing load_model()
2024-06-04 20:36:38,521:INFO:load_model(model_name=\Model\modelo_navegacao_otimizado.pkl, platform=None, authentication=None, verbose=True)
2024-06-04 20:37:00,221:WARNING:
'cuml' is a soft dependency and not included in the pycaret installation. Please run: `pip install cuml` to install.
2024-06-04 20:37:00,221:WARNING:
'cuml' is a soft dependency and not included in the pycaret installation. Please run: `pip install cuml` to install.
2024-06-04 20:37:00,221:WARNING:
'cuml' is a soft dependency and not included in the pycaret installation. Please run: `pip install cuml` to install.
2024-06-04 20:37:00,222:WARNING:
'cuml' is a soft dependency and not included in the pycaret installation. Please run: `pip install cuml` to install.
2024-06-04 20:37:00,441:INFO:Initializing load_model()
2024-06-04 20:37:00,441:INFO:load_model(model_name=Model\modelo_navegacao_otimizado.pkl, platform=None, authentication=None, verbose=True)
2024-06-04 20:37:11,099:WARNING:
'cuml' is a soft dependency and not included in the pycaret installation. Please run: `pip install cuml` to install.
2024-06-04 20:37:11,100:WARNING:
'cuml' is a soft dependency and not included in the pycaret installation. Please run: `pip install cuml` to install.
2024-06-04 20:37:11,100:WARNING:
'cuml' is a soft dependency and not included in the pycaret installation. Please run: `pip install cuml` to install.
2024-06-04 20:37:11,100:WARNING:
'cuml' is a soft dependency and not included in the pycaret installation. Please run: `pip install cuml` to install.
2024-06-04 20:37:11,276:INFO:Initializing load_model()
2024-06-04 20:37:11,276:INFO:load_model(model_name=C:\Users\pytho\Documents\GitHub\GlobalSolutionFiap\Model\modelo_navegacao_otimizado.pkl, platform=None, authentication=None, verbose=True)
2024-06-04 20:37:55,211:WARNING:
'cuml' is a soft dependency and not included in the pycaret installation. Please run: `pip install cuml` to install.
2024-06-04 20:37:55,211:WARNING:
'cuml' is a soft dependency and not included in the pycaret installation. Please run: `pip install cuml` to install.
2024-06-04 20:37:55,211:WARNING:
'cuml' is a soft dependency and not included in the pycaret installation. Please run: `pip install cuml` to install.
2024-06-04 20:37:55,211:WARNING:
'cuml' is a soft dependency and not included in the pycaret installation. Please run: `pip install cuml` to install.
2024-06-04 20:37:55,382:INFO:Initializing load_model()
2024-06-04 20:37:55,382:INFO:load_model(model_name=API\modelo_navegacao_otimizado.pkl, platform=None, authentication=None, verbose=True)
2024-06-04 20:38:14,340:WARNING:
'cuml' is a soft dependency and not included in the pycaret installation. Please run: `pip install cuml` to install.
2024-06-04 20:38:14,340:WARNING:
'cuml' is a soft dependency and not included in the pycaret installation. Please run: `pip install cuml` to install.
2024-06-04 20:38:14,340:WARNING:
'cuml' is a soft dependency and not included in the pycaret installation. Please run: `pip install cuml` to install.
2024-06-04 20:38:14,340:WARNING:
'cuml' is a soft dependency and not included in the pycaret installation. Please run: `pip install cuml` to install.
2024-06-04 20:38:14,503:INFO:Initializing load_model()
2024-06-04 20:38:14,503:INFO:load_model(model_name=API\modelo_navegacao_otimizado.pkl, platform=None, authentication=None, verbose=True)
2024-06-04 20:38:58,215:WARNING:
'cuml' is a soft dependency and not included in the pycaret installation. Please run: `pip install cuml` to install.
2024-06-04 20:38:58,216:WARNING:
'cuml' is a soft dependency and not included in the pycaret installation. Please run: `pip install cuml` to install.
2024-06-04 20:38:58,216:WARNING:
'cuml' is a soft dependency and not included in the pycaret installation. Please run: `pip install cuml` to install.
2024-06-04 20:38:58,216:WARNING:
'cuml' is a soft dependency and not included in the pycaret installation. Please run: `pip install cuml` to install.
2024-06-04 20:38:58,392:INFO:Initializing load_model()
2024-06-04 20:38:58,392:INFO:load_model(model_name=C:\Users\pytho\Documents\GitHub\GlobalSolutionFiap\API\modelo_navegacao_otimizado.pkll, platform=None, authentication=None, verbose=True)
2024-06-04 20:39:36,027:WARNING:
'cuml' is a soft dependency and not included in the pycaret installation. Please run: `pip install cuml` to install.
2024-06-04 20:39:36,027:WARNING:
'cuml' is a soft dependency and not included in the pycaret installation. Please run: `pip install cuml` to install.
2024-06-04 20:39:36,027:WARNING:
'cuml' is a soft dependency and not included in the pycaret installation. Please run: `pip install cuml` to install.
2024-06-04 20:39:36,027:WARNING:
'cuml' is a soft dependency and not included in the pycaret installation. Please run: `pip install cuml` to install.
2024-06-04 20:39:36,204:INFO:Initializing load_model()
2024-06-04 20:39:36,204:INFO:load_model(model_name=C:\Users\pytho\Documents\GitHub\GlobalSolutionFiap\API\modelo_navegacao_otimizado.pkl, platform=None, authentication=None, verbose=True)
2024-06-04 20:40:01,173:WARNING:
'cuml' is a soft dependency and not included in the pycaret installation. Please run: `pip install cuml` to install.
2024-06-04 20:40:01,173:WARNING:
'cuml' is a soft dependency and not included in the pycaret installation. Please run: `pip install cuml` to install.
2024-06-04 20:40:01,174:WARNING:
'cuml' is a soft dependency and not included in the pycaret installation. Please run: `pip install cuml` to install.
2024-06-04 20:40:01,174:WARNING:
'cuml' is a soft dependency and not included in the pycaret installation. Please run: `pip install cuml` to install.
2024-06-04 20:40:01,454:INFO:Initializing load_model()
2024-06-04 20:40:01,454:INFO:load_model(model_name=modelo_navegacao_otimizado.pkl, platform=None, authentication=None, verbose=True)
2024-06-04 20:40:15,051:WARNING:
'cuml' is a soft dependency and not included in the pycaret installation. Please run: `pip install cuml` to install.
2024-06-04 20:40:15,051:WARNING:
'cuml' is a soft dependency and not included in the pycaret installation. Please run: `pip install cuml` to install.
2024-06-04 20:40:15,051:WARNING:
'cuml' is a soft dependency and not included in the pycaret installation. Please run: `pip install cuml` to install.
2024-06-04 20:40:15,051:WARNING:
'cuml' is a soft dependency and not included in the pycaret installation. Please run: `pip install cuml` to install.
2024-06-04 20:40:15,222:INFO:Initializing load_model()
2024-06-04 20:40:15,222:INFO:load_model(model_name=modelo_navegacao_otimizado, platform=None, authentication=None, verbose=True)
2024-06-04 20:41:10,108:WARNING:
'cuml' is a soft dependency and not included in the pycaret installation. Please run: `pip install cuml` to install.
2024-06-04 20:41:10,108:WARNING:
'cuml' is a soft dependency and not included in the pycaret installation. Please run: `pip install cuml` to install.
2024-06-04 20:41:10,108:WARNING:
'cuml' is a soft dependency and not included in the pycaret installation. Please run: `pip install cuml` to install.
2024-06-04 20:41:10,108:WARNING:
'cuml' is a soft dependency and not included in the pycaret installation. Please run: `pip install cuml` to install.
2024-06-04 20:41:10,288:INFO:Initializing load_model()
2024-06-04 20:41:10,288:INFO:load_model(model_name=API\modelo_navegacao_otimizado.pkl, platform=None, authentication=None, verbose=True)
2024-06-04 20:41:40,078:WARNING:
'cuml' is a soft dependency and not included in the pycaret installation. Please run: `pip install cuml` to install.
2024-06-04 20:41:40,079:WARNING:
'cuml' is a soft dependency and not included in the pycaret installation. Please run: `pip install cuml` to install.
2024-06-04 20:41:40,079:WARNING:
'cuml' is a soft dependency and not included in the pycaret installation. Please run: `pip install cuml` to install.
2024-06-04 20:41:40,079:WARNING:
'cuml' is a soft dependency and not included in the pycaret installation. Please run: `pip install cuml` to install.
2024-06-04 20:41:40,261:INFO:Initializing load_model()
2024-06-04 20:41:40,261:INFO:load_model(model_name=API\modelo_navegacao_otimizado, platform=None, authentication=None, verbose=True)
2024-06-04 20:41:40,277:WARNING:C:\Users\pytho\AppData\Local\Packages\PythonSoftwareFoundation.Python.3.11_qbz5n2kfra8p0\LocalCache\local-packages\Python311\site-packages\sklearn\base.py:376: InconsistentVersionWarning: Trying to unpickle estimator SimpleImputer from version 1.4.2 when using version 1.4.1.post1. This might lead to breaking code or invalid results. Use at your own risk. For more info please refer to:
https://scikit-learn.org/stable/model_persistence.html#security-maintainability-limitations
  warnings.warn(

2024-06-04 20:41:40,277:WARNING:C:\Users\pytho\AppData\Local\Packages\PythonSoftwareFoundation.Python.3.11_qbz5n2kfra8p0\LocalCache\local-packages\Python311\site-packages\sklearn\base.py:376: InconsistentVersionWarning: Trying to unpickle estimator StandardScaler from version 1.4.2 when using version 1.4.1.post1. This might lead to breaking code or invalid results. Use at your own risk. For more info please refer to:
https://scikit-learn.org/stable/model_persistence.html#security-maintainability-limitations
  warnings.warn(

2024-06-04 20:41:40,279:WARNING:C:\Users\pytho\AppData\Local\Packages\PythonSoftwareFoundation.Python.3.11_qbz5n2kfra8p0\LocalCache\local-packages\Python311\site-packages\sklearn\base.py:376: InconsistentVersionWarning: Trying to unpickle estimator PCA from version 1.4.2 when using version 1.4.1.post1. This might lead to breaking code or invalid results. Use at your own risk. For more info please refer to:
https://scikit-learn.org/stable/model_persistence.html#security-maintainability-limitations
  warnings.warn(

2024-06-04 20:41:40,279:WARNING:C:\Users\pytho\AppData\Local\Packages\PythonSoftwareFoundation.Python.3.11_qbz5n2kfra8p0\LocalCache\local-packages\Python311\site-packages\sklearn\base.py:376: InconsistentVersionWarning: Trying to unpickle estimator ExtraTreeRegressor from version 1.4.2 when using version 1.4.1.post1. This might lead to breaking code or invalid results. Use at your own risk. For more info please refer to:
https://scikit-learn.org/stable/model_persistence.html#security-maintainability-limitations
  warnings.warn(

2024-06-04 20:41:42,808:WARNING:C:\Users\pytho\AppData\Local\Packages\PythonSoftwareFoundation.Python.3.11_qbz5n2kfra8p0\LocalCache\local-packages\Python311\site-packages\sklearn\base.py:376: InconsistentVersionWarning: Trying to unpickle estimator ExtraTreesRegressor from version 1.4.2 when using version 1.4.1.post1. This might lead to breaking code or invalid results. Use at your own risk. For more info please refer to:
https://scikit-learn.org/stable/model_persistence.html#security-maintainability-limitations
  warnings.warn(

2024-06-04 20:41:43,637:WARNING:C:\Users\pytho\AppData\Local\Packages\PythonSoftwareFoundation.Python.3.11_qbz5n2kfra8p0\LocalCache\local-packages\Python311\site-packages\pycaret\internal\pipeline.py:146: UserWarning: Version mismatch:
current: {'deps_info': {'pip': '24.0', 'setuptools': '65.5.0', 'pycaret': '3.3.0', 'IPython': '8.22.2', 'ipywidgets': '8.1.2', 'tqdm': '4.66.2', 'numpy': '1.26.4', 'pandas': '2.1.4', 'jinja2': '3.1.3', 'scipy': '1.11.4', 'joblib': '1.3.2', 'sklearn': '1.4.1.post1', 'pyod': '1.1.3', 'imblearn': '0.12.2', 'category_encoders': '2.6.3', 'lightgbm': '4.3.0', 'numba': '0.59.1', 'requests': '2.31.0', 'matplotlib': '3.7.5', 'scikitplot': '0.3.7', 'yellowbrick': '1.5', 'plotly': '5.20.0', 'plotly-resampler': 'Not installed', 'kaleido': '0.2.1', 'schemdraw': '0.15', 'statsmodels': '0.14.1', 'sktime': '0.27.1', 'tbats': '1.1.3', 'pmdarima': '2.0.4', 'psutil': '5.9.8', 'markupsafe': '2.1.5', 'pickle5': 'Not installed', 'cloudpickle': '3.0.0', 'deprecation': '2.1.0', 'xxhash': '3.4.1', 'wurlitzer': 'Not installed'}, 'python': {'version': '3.11.9', 'machine': 'AMD64'}}
pickle: {'deps_info': {'pip': '23.1.2', 'setuptools': '67.7.2', 'pycaret': '3.3.2', 'IPython': '7.34.0', 'ipywidgets': '7.7.1', 'tqdm': '4.66.4', 'numpy': '1.25.2', 'pandas': '2.0.3', 'jinja2': '3.1.4', 'scipy': '1.11.4', 'joblib': '1.3.2', 'sklearn': '1.4.2', 'pyod': '2.0.0', 'imblearn': '0.12.3', 'category_encoders': '2.6.3', 'lightgbm': '4.1.0', 'numba': '0.58.1', 'requests': '2.31.0', 'matplotlib': '3.7.1', 'scikitplot': '0.3.7', 'yellowbrick': '1.5', 'plotly': '5.15.0', 'plotly-resampler': 'Not installed', 'kaleido': '0.2.1', 'schemdraw': '0.15', 'statsmodels': '0.14.2', 'sktime': '0.26.0', 'tbats': '1.1.3', 'pmdarima': '2.0.4', 'psutil': '5.9.5', 'markupsafe': '2.1.5', 'pickle5': 'Not installed', 'cloudpickle': '2.2.1', 'deprecation': '2.1.0', 'xxhash': '3.4.1', 'wurlitzer': '3.1.0'}, 'python': {'version': '3.10.12', 'machine': 'x86_64'}}
  warnings.warn(

2024-06-04 20:42:30,992:INFO:Initializing predict_model()
2024-06-04 20:42:30,992:INFO:predict_model(self=<pycaret.regression.oop.RegressionExperiment object at 0x00000214062A7810>, estimator=Pipeline(memory=Memory(location=None),
         steps=[('numerical_imputer',
                 TransformerWrapper(include=['vgs', 'ugs', 'year_sin',
                                             'year_cos', 'month_sin',
                                             'month_cos', 'day_sin', 'day_cos',
                                             'lat_lon', 'vgs_ugs'],
                                    transformer=SimpleImputer())),
                ('categorical_imputer',
                 TransformerWrapper(include=[],
                                    transformer=SimpleImputer(strategy='most_frequent'))),
                ('normalize', TransformerWrapper(transformer=StandardScaler())),
                ('pca',
                 TransformerWrapper(exclude=[],
                                    transformer=PCA(n_components=0.95))),
                ('trained_model',
                 ExtraTreesRegressor(n_jobs=-1, random_state=123))]), probability_threshold=None, encoded_labels=False, raw_score=False, round=4, verbose=True, ml_usecase=None, preprocess=True, encode_labels=<function _SupervisedExperiment.predict_model.<locals>.encode_labels at 0x000002140CC5B100>)
2024-06-04 20:42:30,992:INFO:Checking exceptions
2024-06-04 20:42:30,992:INFO:Preloading libraries
2024-06-04 20:42:30,999:INFO:Set up data.
2024-06-04 20:42:31,020:INFO:Set up index.
